This is pdfTeX, Version 3.141592653-2.6-1.40.26 (TeX Live 2024) (preloaded format=pdflatex 2025.2.4)  10 FEB 2025 17:56
entering extended mode
 restricted \write18 enabled.
 %&-line parsing enabled.
**module3.tex
(./module3.tex
LaTeX2e <2024-11-01> patch level 2
L3 programming layer <2025-01-18>
(c:/Users/lucas/AppData/Roaming/TinyTeX/texmf-dist/tex/latex/beamer/beamer.cls
Document Class: beamer 2024/01/06 v3.71 A class for typesetting presentations
(c:/Users/lucas/AppData/Roaming/TinyTeX/texmf-dist/tex/latex/beamer/beamerbasemodes.sty (c:/Users/lucas/AppData/Roaming/TinyTeX/texmf-dist/tex/latex/etoolbox/etoolbox.sty
Package: etoolbox 2020/10/05 v2.5k e-TeX tools for LaTeX (JAW)
\etb@tempcnta=\count196
)
\beamer@tempbox=\box52
\beamer@tempcount=\count197
\c@beamerpauses=\count198
(c:/Users/lucas/AppData/Roaming/TinyTeX/texmf-dist/tex/latex/beamer/beamerbasedecode.sty
\beamer@slideinframe=\count199
\beamer@minimum=\count266
\beamer@decode@box=\box53
)
\beamer@commentbox=\box54
\beamer@modecount=\count267
) (c:/Users/lucas/AppData/Roaming/TinyTeX/texmf-dist/tex/generic/iftex/iftex.sty
Package: iftex 2024/12/12 v1.0g TeX engine tests
)
\headdp=\dimen141
\footheight=\dimen142
\sidebarheight=\dimen143
\beamer@tempdim=\dimen144
\beamer@finalheight=\dimen145
\beamer@animht=\dimen146
\beamer@animdp=\dimen147
\beamer@animwd=\dimen148
\beamer@leftmargin=\dimen149
\beamer@rightmargin=\dimen150
\beamer@leftsidebar=\dimen151
\beamer@rightsidebar=\dimen152
\beamer@boxsize=\dimen153
\beamer@vboxoffset=\dimen154
\beamer@descdefault=\dimen155
\beamer@descriptionwidth=\dimen156
\beamer@lastskip=\skip49
\beamer@areabox=\box55
\beamer@animcurrent=\box56
\beamer@animshowbox=\box57
\beamer@sectionbox=\box58
\beamer@logobox=\box59
\beamer@linebox=\box60
\beamer@sectioncount=\count268
\beamer@subsubsectionmax=\count269
\beamer@subsectionmax=\count270
\beamer@sectionmax=\count271
\beamer@totalheads=\count272
\beamer@headcounter=\count273
\beamer@partstartpage=\count274
\beamer@sectionstartpage=\count275
\beamer@subsectionstartpage=\count276
\beamer@animationtempa=\count277
\beamer@animationtempb=\count278
\beamer@xpos=\count279
\beamer@ypos=\count280
\beamer@ypos@offset=\count281
\beamer@showpartnumber=\count282
\beamer@currentsubsection=\count283
\beamer@coveringdepth=\count284
\beamer@sectionadjust=\count285
\beamer@toclastsection=\count286
\beamer@tocsectionnumber=\count287
(c:/Users/lucas/AppData/Roaming/TinyTeX/texmf-dist/tex/latex/beamer/beamerbaseoptions.sty (c:/Users/lucas/AppData/Roaming/TinyTeX/texmf-dist/tex/latex/graphics/keyval.sty
Package: keyval 2022/05/29 v1.15 key=value parser (DPC)
\KV@toks@=\toks17
))
\beamer@paperwidth=\skip50
\beamer@paperheight=\skip51
(c:/Users/lucas/AppData/Roaming/TinyTeX/texmf-dist/tex/latex/geometry/geometry.sty
Package: geometry 2020/01/02 v5.9 Page Geometry
(c:/Users/lucas/AppData/Roaming/TinyTeX/texmf-dist/tex/generic/iftex/ifvtex.sty
Package: ifvtex 2019/10/25 v1.7 ifvtex legacy package. Use iftex instead.
)
\Gm@cnth=\count288
\Gm@cntv=\count289
\c@Gm@tempcnt=\count290
\Gm@bindingoffset=\dimen157
\Gm@wd@mp=\dimen158
\Gm@odd@mp=\dimen159
\Gm@even@mp=\dimen160
\Gm@layoutwidth=\dimen161
\Gm@layoutheight=\dimen162
\Gm@layouthoffset=\dimen163
\Gm@layoutvoffset=\dimen164
\Gm@dimlist=\toks18
) (c:/Users/lucas/AppData/Roaming/TinyTeX/texmf-dist/tex/latex/pgf/math/pgfmath.sty (c:/Users/lucas/AppData/Roaming/TinyTeX/texmf-dist/tex/latex/pgf/utilities/pgfrcs.sty (c:/Users/lucas/AppData/Roaming/TinyTeX/texmf-dist/tex/generic/pgf/utilities/pgfutil-common.tex
\pgfutil@everybye=\toks19
\pgfutil@tempdima=\dimen165
\pgfutil@tempdimb=\dimen166
) (c:/Users/lucas/AppData/Roaming/TinyTeX/texmf-dist/tex/generic/pgf/utilities/pgfutil-latex.def
\pgfutil@abb=\box61
) (c:/Users/lucas/AppData/Roaming/TinyTeX/texmf-dist/tex/generic/pgf/utilities/pgfrcs.code.tex (c:/Users/lucas/AppData/Roaming/TinyTeX/texmf-dist/tex/generic/pgf/pgf.revision.tex)
Package: pgfrcs 2023-01-15 v3.1.10 (3.1.10)
)) (c:/Users/lucas/AppData/Roaming/TinyTeX/texmf-dist/tex/latex/pgf/utilities/pgfkeys.sty (c:/Users/lucas/AppData/Roaming/TinyTeX/texmf-dist/tex/generic/pgf/utilities/pgfkeys.code.tex
\pgfkeys@pathtoks=\toks20
\pgfkeys@temptoks=\toks21
(c:/Users/lucas/AppData/Roaming/TinyTeX/texmf-dist/tex/generic/pgf/utilities/pgfkeyslibraryfiltered.code.tex
\pgfkeys@tmptoks=\toks22
))) (c:/Users/lucas/AppData/Roaming/TinyTeX/texmf-dist/tex/generic/pgf/math/pgfmath.code.tex (c:/Users/lucas/AppData/Roaming/TinyTeX/texmf-dist/tex/generic/pgf/math/pgfmathutil.code.tex
\pgf@x=\dimen167
\pgf@xa=\dimen168
\pgf@xb=\dimen169
\pgf@xc=\dimen170
\pgf@y=\dimen171
\pgf@ya=\dimen172
\pgf@yb=\dimen173
\pgf@yc=\dimen174
\c@pgf@counta=\count291
\c@pgf@countb=\count292
\c@pgf@countc=\count293
\c@pgf@countd=\count294
) (c:/Users/lucas/AppData/Roaming/TinyTeX/texmf-dist/tex/generic/pgf/math/pgfmathparser.code.tex
\pgfmath@dimen=\dimen175
\pgfmath@count=\count295
\pgfmath@box=\box62
\pgfmath@toks=\toks23
\pgfmath@stack@operand=\toks24
\pgfmath@stack@operation=\toks25
) (c:/Users/lucas/AppData/Roaming/TinyTeX/texmf-dist/tex/generic/pgf/math/pgfmathfunctions.code.tex) (c:/Users/lucas/AppData/Roaming/TinyTeX/texmf-dist/tex/generic/pgf/math/pgfmathfunctions.basic.code.tex) (c:/Users/lucas/AppData/Roaming/TinyTeX/texmf-dist/tex/generic/pgf/math/pgfmathfunctions.trigonometric.code.tex) (c:/Users/lucas/AppData/Roaming/TinyTeX/texmf-dist/tex/generic/pgf/math/pgfmathfunctions.random.code.tex) (c:/Users/lucas/AppData/Roaming/TinyTeX/texmf-dist/tex/generic/pgf/math/pgfmathfunctions.comparison.code.tex) (c:/Users/lucas/AppData/Roaming/TinyTeX/texmf-dist/tex/generic/pgf/math/pgfmathfunctions.base.code.tex) (c:/Users/lucas/AppData/Roaming/TinyTeX/texmf-dist/tex/generic/pgf/math/pgfmathfunctions.round.code.tex) (c:/Users/lucas/AppData/Roaming/TinyTeX/texmf-dist/tex/generic/pgf/math/pgfmathfunctions.misc.code.tex) (c:/Users/lucas/AppData/Roaming/TinyTeX/texmf-dist/tex/generic/pgf/math/pgfmathfunctions.integerarithmetics.code.tex) (c:/Users/lucas/AppData/Roaming/TinyTeX/texmf-dist/tex/generic/pgf/math/pgfmathcalc.code.tex) (c:/Users/lucas/AppData/Roaming/TinyTeX/texmf-dist/tex/generic/pgf/math/pgfmathfloat.code.tex
\c@pgfmathroundto@lastzeros=\count296
))) (c:/Users/lucas/AppData/Roaming/TinyTeX/texmf-dist/tex/latex/base/size11.clo
File: size11.clo 2024/06/29 v1.4n Standard LaTeX file (size option)
) (c:/Users/lucas/AppData/Roaming/TinyTeX/texmf-dist/tex/latex/pgf/basiclayer/pgfcore.sty (c:/Users/lucas/AppData/Roaming/TinyTeX/texmf-dist/tex/latex/graphics/graphicx.sty
Package: graphicx 2021/09/16 v1.2d Enhanced LaTeX Graphics (DPC,SPQR)
(c:/Users/lucas/AppData/Roaming/TinyTeX/texmf-dist/tex/latex/graphics/graphics.sty
Package: graphics 2024/08/06 v1.4g Standard LaTeX Graphics (DPC,SPQR)
(c:/Users/lucas/AppData/Roaming/TinyTeX/texmf-dist/tex/latex/graphics/trig.sty
Package: trig 2023/12/02 v1.11 sin cos tan (DPC)
) (c:/Users/lucas/AppData/Roaming/TinyTeX/texmf-dist/tex/latex/graphics-cfg/graphics.cfg
File: graphics.cfg 2016/06/04 v1.11 sample graphics configuration
)
Package graphics Info: Driver file: pdftex.def on input line 106.
(c:/Users/lucas/AppData/Roaming/TinyTeX/texmf-dist/tex/latex/graphics-def/pdftex.def
File: pdftex.def 2024/04/13 v1.2c Graphics/color driver for pdftex
))
\Gin@req@height=\dimen176
\Gin@req@width=\dimen177
) (c:/Users/lucas/AppData/Roaming/TinyTeX/texmf-dist/tex/latex/pgf/systemlayer/pgfsys.sty (c:/Users/lucas/AppData/Roaming/TinyTeX/texmf-dist/tex/generic/pgf/systemlayer/pgfsys.code.tex
Package: pgfsys 2023-01-15 v3.1.10 (3.1.10)
\pgf@x=\dimen178
\pgf@y=\dimen179
\pgf@xa=\dimen180
\pgf@ya=\dimen181
\pgf@xb=\dimen182
\pgf@yb=\dimen183
\pgf@xc=\dimen184
\pgf@yc=\dimen185
\pgf@xd=\dimen186
\pgf@yd=\dimen187
\w@pgf@writea=\write3
\r@pgf@reada=\read2
\c@pgf@counta=\count297
\c@pgf@countb=\count298
\c@pgf@countc=\count299
\c@pgf@countd=\count300
\t@pgf@toka=\toks26
\t@pgf@tokb=\toks27
\t@pgf@tokc=\toks28
\pgf@sys@id@count=\count301
(c:/Users/lucas/AppData/Roaming/TinyTeX/texmf-dist/tex/generic/pgf/systemlayer/pgf.cfg
File: pgf.cfg 2023-01-15 v3.1.10 (3.1.10)
)
Driver file for pgf: pgfsys-pdftex.def
(c:/Users/lucas/AppData/Roaming/TinyTeX/texmf-dist/tex/generic/pgf/systemlayer/pgfsys-pdftex.def
File: pgfsys-pdftex.def 2023-01-15 v3.1.10 (3.1.10)
(c:/Users/lucas/AppData/Roaming/TinyTeX/texmf-dist/tex/generic/pgf/systemlayer/pgfsys-common-pdf.def
File: pgfsys-common-pdf.def 2023-01-15 v3.1.10 (3.1.10)
))) (c:/Users/lucas/AppData/Roaming/TinyTeX/texmf-dist/tex/generic/pgf/systemlayer/pgfsyssoftpath.code.tex
File: pgfsyssoftpath.code.tex 2023-01-15 v3.1.10 (3.1.10)
\pgfsyssoftpath@smallbuffer@items=\count302
\pgfsyssoftpath@bigbuffer@items=\count303
) (c:/Users/lucas/AppData/Roaming/TinyTeX/texmf-dist/tex/generic/pgf/systemlayer/pgfsysprotocol.code.tex
File: pgfsysprotocol.code.tex 2023-01-15 v3.1.10 (3.1.10)
)) (c:/Users/lucas/AppData/Roaming/TinyTeX/texmf-dist/tex/latex/xcolor/xcolor.sty
Package: xcolor 2024/09/29 v3.02 LaTeX color extensions (UK)
(c:/Users/lucas/AppData/Roaming/TinyTeX/texmf-dist/tex/latex/graphics-cfg/color.cfg
File: color.cfg 2016/01/02 v1.6 sample color configuration
)
Package xcolor Info: Driver file: pdftex.def on input line 274.
(c:/Users/lucas/AppData/Roaming/TinyTeX/texmf-dist/tex/latex/graphics/mathcolor.ltx)
Package xcolor Info: Model `cmy' substituted by `cmy0' on input line 1349.
Package xcolor Info: Model `hsb' substituted by `rgb' on input line 1353.
Package xcolor Info: Model `RGB' extended on input line 1365.
Package xcolor Info: Model `HTML' substituted by `rgb' on input line 1367.
Package xcolor Info: Model `Hsb' substituted by `hsb' on input line 1368.
Package xcolor Info: Model `tHsb' substituted by `hsb' on input line 1369.
Package xcolor Info: Model `HSB' substituted by `hsb' on input line 1370.
Package xcolor Info: Model `Gray' substituted by `gray' on input line 1371.
Package xcolor Info: Model `wave' substituted by `hsb' on input line 1372.
) (c:/Users/lucas/AppData/Roaming/TinyTeX/texmf-dist/tex/latex/graphics/dvipsnam.def
File: dvipsnam.def 2016/06/17 v3.0m Driver-dependent file (DPC,SPQR)
) (c:/Users/lucas/AppData/Roaming/TinyTeX/texmf-dist/tex/latex/xcolor/svgnam.def
File: svgnam.def 2024/09/29 v3.02 Predefined colors according to SVG 1.1 (UK)
) (c:/Users/lucas/AppData/Roaming/TinyTeX/texmf-dist/tex/latex/xcolor/x11nam.def
File: x11nam.def 2024/09/29 v3.02 Predefined colors according to Unix/X11 (UK)
) (c:/Users/lucas/AppData/Roaming/TinyTeX/texmf-dist/tex/generic/pgf/basiclayer/pgfcore.code.tex
Package: pgfcore 2023-01-15 v3.1.10 (3.1.10)
(c:/Users/lucas/AppData/Roaming/TinyTeX/texmf-dist/tex/generic/pgf/math/pgfint.code.tex) (c:/Users/lucas/AppData/Roaming/TinyTeX/texmf-dist/tex/generic/pgf/basiclayer/pgfcorepoints.code.tex
File: pgfcorepoints.code.tex 2023-01-15 v3.1.10 (3.1.10)
\pgf@picminx=\dimen188
\pgf@picmaxx=\dimen189
\pgf@picminy=\dimen190
\pgf@picmaxy=\dimen191
\pgf@pathminx=\dimen192
\pgf@pathmaxx=\dimen193
\pgf@pathminy=\dimen194
\pgf@pathmaxy=\dimen195
\pgf@xx=\dimen196
\pgf@xy=\dimen197
\pgf@yx=\dimen198
\pgf@yy=\dimen199
\pgf@zx=\dimen256
\pgf@zy=\dimen257
) (c:/Users/lucas/AppData/Roaming/TinyTeX/texmf-dist/tex/generic/pgf/basiclayer/pgfcorepathconstruct.code.tex
File: pgfcorepathconstruct.code.tex 2023-01-15 v3.1.10 (3.1.10)
\pgf@path@lastx=\dimen258
\pgf@path@lasty=\dimen259
) (c:/Users/lucas/AppData/Roaming/TinyTeX/texmf-dist/tex/generic/pgf/basiclayer/pgfcorepathusage.code.tex
File: pgfcorepathusage.code.tex 2023-01-15 v3.1.10 (3.1.10)
\pgf@shorten@end@additional=\dimen260
\pgf@shorten@start@additional=\dimen261
) (c:/Users/lucas/AppData/Roaming/TinyTeX/texmf-dist/tex/generic/pgf/basiclayer/pgfcorescopes.code.tex
File: pgfcorescopes.code.tex 2023-01-15 v3.1.10 (3.1.10)
\pgfpic=\box63
\pgf@hbox=\box64
\pgf@layerbox@main=\box65
\pgf@picture@serial@count=\count304
) (c:/Users/lucas/AppData/Roaming/TinyTeX/texmf-dist/tex/generic/pgf/basiclayer/pgfcoregraphicstate.code.tex
File: pgfcoregraphicstate.code.tex 2023-01-15 v3.1.10 (3.1.10)
\pgflinewidth=\dimen262
) (c:/Users/lucas/AppData/Roaming/TinyTeX/texmf-dist/tex/generic/pgf/basiclayer/pgfcoretransformations.code.tex
File: pgfcoretransformations.code.tex 2023-01-15 v3.1.10 (3.1.10)
\pgf@pt@x=\dimen263
\pgf@pt@y=\dimen264
\pgf@pt@temp=\dimen265
) (c:/Users/lucas/AppData/Roaming/TinyTeX/texmf-dist/tex/generic/pgf/basiclayer/pgfcorequick.code.tex
File: pgfcorequick.code.tex 2023-01-15 v3.1.10 (3.1.10)
) (c:/Users/lucas/AppData/Roaming/TinyTeX/texmf-dist/tex/generic/pgf/basiclayer/pgfcoreobjects.code.tex
File: pgfcoreobjects.code.tex 2023-01-15 v3.1.10 (3.1.10)
) (c:/Users/lucas/AppData/Roaming/TinyTeX/texmf-dist/tex/generic/pgf/basiclayer/pgfcorepathprocessing.code.tex
File: pgfcorepathprocessing.code.tex 2023-01-15 v3.1.10 (3.1.10)
) (c:/Users/lucas/AppData/Roaming/TinyTeX/texmf-dist/tex/generic/pgf/basiclayer/pgfcorearrows.code.tex
File: pgfcorearrows.code.tex 2023-01-15 v3.1.10 (3.1.10)
\pgfarrowsep=\dimen266
) (c:/Users/lucas/AppData/Roaming/TinyTeX/texmf-dist/tex/generic/pgf/basiclayer/pgfcoreshade.code.tex
File: pgfcoreshade.code.tex 2023-01-15 v3.1.10 (3.1.10)
\pgf@max=\dimen267
\pgf@sys@shading@range@num=\count305
\pgf@shadingcount=\count306
) (c:/Users/lucas/AppData/Roaming/TinyTeX/texmf-dist/tex/generic/pgf/basiclayer/pgfcoreimage.code.tex
File: pgfcoreimage.code.tex 2023-01-15 v3.1.10 (3.1.10)
) (c:/Users/lucas/AppData/Roaming/TinyTeX/texmf-dist/tex/generic/pgf/basiclayer/pgfcoreexternal.code.tex
File: pgfcoreexternal.code.tex 2023-01-15 v3.1.10 (3.1.10)
\pgfexternal@startupbox=\box66
) (c:/Users/lucas/AppData/Roaming/TinyTeX/texmf-dist/tex/generic/pgf/basiclayer/pgfcorelayers.code.tex
File: pgfcorelayers.code.tex 2023-01-15 v3.1.10 (3.1.10)
) (c:/Users/lucas/AppData/Roaming/TinyTeX/texmf-dist/tex/generic/pgf/basiclayer/pgfcoretransparency.code.tex
File: pgfcoretransparency.code.tex 2023-01-15 v3.1.10 (3.1.10)
) (c:/Users/lucas/AppData/Roaming/TinyTeX/texmf-dist/tex/generic/pgf/basiclayer/pgfcorepatterns.code.tex
File: pgfcorepatterns.code.tex 2023-01-15 v3.1.10 (3.1.10)
) (c:/Users/lucas/AppData/Roaming/TinyTeX/texmf-dist/tex/generic/pgf/basiclayer/pgfcorerdf.code.tex
File: pgfcorerdf.code.tex 2023-01-15 v3.1.10 (3.1.10)
))) (c:/Users/lucas/AppData/Roaming/TinyTeX/texmf-dist/tex/latex/pgf/utilities/xxcolor.sty
Package: xxcolor 2003/10/24 ver 0.1
\XC@nummixins=\count307
\XC@countmixins=\count308
) (c:/Users/lucas/AppData/Roaming/TinyTeX/texmf-dist/tex/latex/base/atbegshi-ltx.sty
Package: atbegshi-ltx 2021/01/10 v1.0c Emulation of the original atbegshi
package with kernel methods
) (c:/Users/lucas/AppData/Roaming/TinyTeX/texmf-dist/tex/latex/hyperref/hyperref.sty
Package: hyperref 2024-11-05 v7.01l Hypertext links for LaTeX
(c:/Users/lucas/AppData/Roaming/TinyTeX/texmf-dist/tex/latex/kvsetkeys/kvsetkeys.sty
Package: kvsetkeys 2022-10-05 v1.19 Key value parser (HO)
) (c:/Users/lucas/AppData/Roaming/TinyTeX/texmf-dist/tex/generic/kvdefinekeys/kvdefinekeys.sty
Package: kvdefinekeys 2019-12-19 v1.6 Define keys (HO)
) (c:/Users/lucas/AppData/Roaming/TinyTeX/texmf-dist/tex/generic/pdfescape/pdfescape.sty
Package: pdfescape 2019/12/09 v1.15 Implements pdfTeX's escape features (HO)
(c:/Users/lucas/AppData/Roaming/TinyTeX/texmf-dist/tex/generic/ltxcmds/ltxcmds.sty
Package: ltxcmds 2023-12-04 v1.26 LaTeX kernel commands for general use (HO)
) (c:/Users/lucas/AppData/Roaming/TinyTeX/texmf-dist/tex/generic/pdftexcmds/pdftexcmds.sty
Package: pdftexcmds 2020-06-27 v0.33 Utility functions of pdfTeX for LuaTeX (HO)
(c:/Users/lucas/AppData/Roaming/TinyTeX/texmf-dist/tex/generic/infwarerr/infwarerr.sty
Package: infwarerr 2019/12/03 v1.5 Providing info/warning/error messages (HO)
)
Package pdftexcmds Info: \pdf@primitive is available.
Package pdftexcmds Info: \pdf@ifprimitive is available.
Package pdftexcmds Info: \pdfdraftmode found.
)) (c:/Users/lucas/AppData/Roaming/TinyTeX/texmf-dist/tex/latex/hycolor/hycolor.sty
Package: hycolor 2020-01-27 v1.10 Color options for hyperref/bookmark (HO)
) (c:/Users/lucas/AppData/Roaming/TinyTeX/texmf-dist/tex/latex/hyperref/nameref.sty
Package: nameref 2023-11-26 v2.56 Cross-referencing by name of section
(c:/Users/lucas/AppData/Roaming/TinyTeX/texmf-dist/tex/latex/refcount/refcount.sty
Package: refcount 2019/12/15 v3.6 Data extraction from label references (HO)
) (c:/Users/lucas/AppData/Roaming/TinyTeX/texmf-dist/tex/generic/gettitlestring/gettitlestring.sty
Package: gettitlestring 2019/12/15 v1.6 Cleanup title references (HO)
(c:/Users/lucas/AppData/Roaming/TinyTeX/texmf-dist/tex/latex/kvoptions/kvoptions.sty
Package: kvoptions 2022-06-15 v3.15 Key value format for package options (HO)
))
\c@section@level=\count309
) (c:/Users/lucas/AppData/Roaming/TinyTeX/texmf-dist/tex/generic/stringenc/stringenc.sty
Package: stringenc 2019/11/29 v1.12 Convert strings between diff. encodings (HO)
)
\@linkdim=\dimen268
\Hy@linkcounter=\count310
\Hy@pagecounter=\count311
(c:/Users/lucas/AppData/Roaming/TinyTeX/texmf-dist/tex/latex/hyperref/pd1enc.def
File: pd1enc.def 2024-11-05 v7.01l Hyperref: PDFDocEncoding definition (HO)
Now handling font encoding PD1 ...
... no UTF-8 mapping file for font encoding PD1
) (c:/Users/lucas/AppData/Roaming/TinyTeX/texmf-dist/tex/generic/intcalc/intcalc.sty
Package: intcalc 2019/12/15 v1.3 Expandable calculations with integers (HO)
)
\Hy@SavedSpaceFactor=\count312
(c:/Users/lucas/AppData/Roaming/TinyTeX/texmf-dist/tex/latex/hyperref/puenc.def
File: puenc.def 2024-11-05 v7.01l Hyperref: PDF Unicode definition (HO)
Now handling font encoding PU ...
... no UTF-8 mapping file for font encoding PU
)
Package hyperref Info: Option `unicode' set `true' on input line 4040.
Package hyperref Info: Option `bookmarks' set `true' on input line 4040.
Package hyperref Info: Option `bookmarksopen' set `true' on input line 4040.
Package hyperref Info: Option `implicit' set `false' on input line 4040.
Package hyperref Info: Hyper figures OFF on input line 4157.
Package hyperref Info: Link nesting OFF on input line 4162.
Package hyperref Info: Hyper index ON on input line 4165.
Package hyperref Info: Plain pages OFF on input line 4172.
Package hyperref Info: Backreferencing OFF on input line 4177.
Package hyperref Info: Implicit mode OFF; no redefinition of LaTeX internals.
Package hyperref Info: Bookmarks ON on input line 4424.
\c@Hy@tempcnt=\count313
(c:/Users/lucas/AppData/Roaming/TinyTeX/texmf-dist/tex/latex/url/url.sty
\Urlmuskip=\muskip17
Package: url 2013/09/16  ver 3.4  Verb mode for urls, etc.
)
LaTeX Info: Redefining \url on input line 4763.
\XeTeXLinkMargin=\dimen269
(c:/Users/lucas/AppData/Roaming/TinyTeX/texmf-dist/tex/generic/bitset/bitset.sty
Package: bitset 2019/12/09 v1.3 Handle bit-vector datatype (HO)
(c:/Users/lucas/AppData/Roaming/TinyTeX/texmf-dist/tex/generic/bigintcalc/bigintcalc.sty
Package: bigintcalc 2019/12/15 v1.5 Expandable calculations on big integers (HO)
))
\Fld@menulength=\count314
\Field@Width=\dimen270
\Fld@charsize=\dimen271
Package hyperref Info: Hyper figures OFF on input line 6042.
Package hyperref Info: Link nesting OFF on input line 6047.
Package hyperref Info: Hyper index ON on input line 6050.
Package hyperref Info: backreferencing OFF on input line 6057.
Package hyperref Info: Link coloring OFF on input line 6062.
Package hyperref Info: Link coloring with OCG OFF on input line 6067.
Package hyperref Info: PDF/A mode OFF on input line 6072.
\Hy@abspage=\count315

Package hyperref Message: Stopped early.

)
Package hyperref Info: Driver (autodetected): hpdftex.
(c:/Users/lucas/AppData/Roaming/TinyTeX/texmf-dist/tex/latex/hyperref/hpdftex.def
File: hpdftex.def 2024-11-05 v7.01l Hyperref driver for pdfTeX
(c:/Users/lucas/AppData/Roaming/TinyTeX/texmf-dist/tex/latex/base/atveryend-ltx.sty
Package: atveryend-ltx 2020/08/19 v1.0a Emulation of the original atveryend package
with kernel methods
)
\Fld@listcount=\count316
\c@bookmark@seq@number=\count317
(c:/Users/lucas/AppData/Roaming/TinyTeX/texmf-dist/tex/latex/rerunfilecheck/rerunfilecheck.sty
Package: rerunfilecheck 2022-07-10 v1.10 Rerun checks for auxiliary files (HO)
(c:/Users/lucas/AppData/Roaming/TinyTeX/texmf-dist/tex/generic/uniquecounter/uniquecounter.sty
Package: uniquecounter 2019/12/15 v1.4 Provide unlimited unique counter (HO)
)
Package uniquecounter Info: New unique counter `rerunfilecheck' on input line 285.
)) (c:/Users/lucas/AppData/Roaming/TinyTeX/texmf-dist/tex/latex/beamer/beamerbaserequires.sty (c:/Users/lucas/AppData/Roaming/TinyTeX/texmf-dist/tex/latex/beamer/beamerbasecompatibility.sty) (c:/Users/lucas/AppData/Roaming/TinyTeX/texmf-dist/tex/latex/beamer/beamerbasefont.sty (c:/Users/lucas/AppData/Roaming/TinyTeX/texmf-dist/tex/latex/amsfonts/amssymb.sty
Package: amssymb 2013/01/14 v3.01 AMS font symbols
(c:/Users/lucas/AppData/Roaming/TinyTeX/texmf-dist/tex/latex/amsfonts/amsfonts.sty
Package: amsfonts 2013/01/14 v3.01 Basic AMSFonts support
\@emptytoks=\toks29
\symAMSa=\mathgroup4
\symAMSb=\mathgroup5
LaTeX Font Info:    Redeclaring math symbol \hbar on input line 98.
LaTeX Font Info:    Overwriting math alphabet `\mathfrak' in version `bold'
(Font)                  U/euf/m/n --> U/euf/b/n on input line 106.
))) (c:/Users/lucas/AppData/Roaming/TinyTeX/texmf-dist/tex/latex/beamer/beamerbasetranslator.sty (c:/Users/lucas/AppData/Roaming/TinyTeX/texmf-dist/tex/latex/translator/translator.sty
Package: translator 2021-05-31 v1.12d Easy translation of strings in LaTeX
)) (c:/Users/lucas/AppData/Roaming/TinyTeX/texmf-dist/tex/latex/beamer/beamerbasemisc.sty) (c:/Users/lucas/AppData/Roaming/TinyTeX/texmf-dist/tex/latex/beamer/beamerbasetwoscreens.sty) (c:/Users/lucas/AppData/Roaming/TinyTeX/texmf-dist/tex/latex/beamer/beamerbaseoverlay.sty
\beamer@argscount=\count318
\beamer@lastskipcover=\skip52
\beamer@trivlistdepth=\count319
) (c:/Users/lucas/AppData/Roaming/TinyTeX/texmf-dist/tex/latex/beamer/beamerbasetitle.sty) (c:/Users/lucas/AppData/Roaming/TinyTeX/texmf-dist/tex/latex/beamer/beamerbasesection.sty
\c@lecture=\count320
\c@part=\count321
\c@section=\count322
\c@subsection=\count323
\c@subsubsection=\count324
) (c:/Users/lucas/AppData/Roaming/TinyTeX/texmf-dist/tex/latex/beamer/beamerbaseframe.sty
\beamer@framebox=\box67
\beamer@frametitlebox=\box68
\beamer@zoombox=\box69
\beamer@zoomcount=\count325
\beamer@zoomframecount=\count326
\beamer@frametextheight=\dimen272
\c@subsectionslide=\count327
\beamer@frametopskip=\skip53
\beamer@framebottomskip=\skip54
\beamer@frametopskipautobreak=\skip55
\beamer@framebottomskipautobreak=\skip56
\beamer@envbody=\toks30
\framewidth=\dimen273
\c@framenumber=\count328
) (c:/Users/lucas/AppData/Roaming/TinyTeX/texmf-dist/tex/latex/beamer/beamerbaseverbatim.sty
\beamer@verbatimfileout=\write4
) (c:/Users/lucas/AppData/Roaming/TinyTeX/texmf-dist/tex/latex/beamer/beamerbaseframesize.sty
\beamer@splitbox=\box70
\beamer@autobreakcount=\count329
\beamer@autobreaklastheight=\dimen274
\beamer@frametitletoks=\toks31
\beamer@framesubtitletoks=\toks32
) (c:/Users/lucas/AppData/Roaming/TinyTeX/texmf-dist/tex/latex/beamer/beamerbaseframecomponents.sty
\beamer@footins=\box71
) (c:/Users/lucas/AppData/Roaming/TinyTeX/texmf-dist/tex/latex/beamer/beamerbasecolor.sty) (c:/Users/lucas/AppData/Roaming/TinyTeX/texmf-dist/tex/latex/beamer/beamerbasenotes.sty
\beamer@frameboxcopy=\box72
) (c:/Users/lucas/AppData/Roaming/TinyTeX/texmf-dist/tex/latex/beamer/beamerbasetoc.sty) (c:/Users/lucas/AppData/Roaming/TinyTeX/texmf-dist/tex/latex/beamer/beamerbasetemplates.sty
\beamer@sbttoks=\toks33
(c:/Users/lucas/AppData/Roaming/TinyTeX/texmf-dist/tex/latex/beamer/beamerbaseauxtemplates.sty (c:/Users/lucas/AppData/Roaming/TinyTeX/texmf-dist/tex/latex/beamer/beamerbaseboxes.sty
\bmb@box=\box73
\bmb@colorbox=\box74
\bmb@boxwidth=\dimen275
\bmb@boxheight=\dimen276
\bmb@prevheight=\dimen277
\bmb@temp=\dimen278
\bmb@dima=\dimen279
\bmb@dimb=\dimen280
\bmb@prevheight=\dimen281
)
\beamer@blockheadheight=\dimen282
)) (c:/Users/lucas/AppData/Roaming/TinyTeX/texmf-dist/tex/latex/beamer/beamerbaselocalstructure.sty (c:/Users/lucas/AppData/Roaming/TinyTeX/texmf-dist/tex/latex/tools/enumerate.sty
Package: enumerate 2023/07/04 v3.00 enumerate extensions (DPC)
\@enLab=\toks34
)
\beamer@bibiconwidth=\skip57
\c@figure=\count330
\c@table=\count331
\abovecaptionskip=\skip58
\belowcaptionskip=\skip59
) (c:/Users/lucas/AppData/Roaming/TinyTeX/texmf-dist/tex/latex/beamer/beamerbasenavigation.sty (c:/Users/lucas/AppData/Roaming/TinyTeX/texmf-dist/tex/latex/beamer/beamerbasenavigationsymbols.tex)
\beamer@section@min@dim=\dimen283
) (c:/Users/lucas/AppData/Roaming/TinyTeX/texmf-dist/tex/latex/beamer/beamerbasetheorems.sty (c:/Users/lucas/AppData/Roaming/TinyTeX/texmf-dist/tex/latex/amsmath/amsmath.sty
Package: amsmath 2024/11/05 v2.17t AMS math features
\@mathmargin=\skip60
For additional information on amsmath, use the `?' option.
(c:/Users/lucas/AppData/Roaming/TinyTeX/texmf-dist/tex/latex/amsmath/amstext.sty
Package: amstext 2021/08/26 v2.01 AMS text
(c:/Users/lucas/AppData/Roaming/TinyTeX/texmf-dist/tex/latex/amsmath/amsgen.sty
File: amsgen.sty 1999/11/30 v2.0 generic functions
\@emptytoks=\toks35
\ex@=\dimen284
)) (c:/Users/lucas/AppData/Roaming/TinyTeX/texmf-dist/tex/latex/amsmath/amsbsy.sty
Package: amsbsy 1999/11/29 v1.2d Bold Symbols
\pmbraise@=\dimen285
) (c:/Users/lucas/AppData/Roaming/TinyTeX/texmf-dist/tex/latex/amsmath/amsopn.sty
Package: amsopn 2022/04/08 v2.04 operator names
)
\inf@bad=\count332
LaTeX Info: Redefining \frac on input line 233.
\uproot@=\count333
\leftroot@=\count334
LaTeX Info: Redefining \overline on input line 398.
LaTeX Info: Redefining \colon on input line 409.
\classnum@=\count335
\DOTSCASE@=\count336
LaTeX Info: Redefining \ldots on input line 495.
LaTeX Info: Redefining \dots on input line 498.
LaTeX Info: Redefining \cdots on input line 619.
\Mathstrutbox@=\box75
\strutbox@=\box76
LaTeX Info: Redefining \big on input line 721.
LaTeX Info: Redefining \Big on input line 722.
LaTeX Info: Redefining \bigg on input line 723.
LaTeX Info: Redefining \Bigg on input line 724.
\big@size=\dimen286
LaTeX Font Info:    Redeclaring font encoding OML on input line 742.
LaTeX Font Info:    Redeclaring font encoding OMS on input line 743.
\macc@depth=\count337
LaTeX Info: Redefining \bmod on input line 904.
LaTeX Info: Redefining \pmod on input line 909.
LaTeX Info: Redefining \smash on input line 939.
LaTeX Info: Redefining \relbar on input line 969.
LaTeX Info: Redefining \Relbar on input line 970.
\c@MaxMatrixCols=\count338
\dotsspace@=\muskip18
\c@parentequation=\count339
\dspbrk@lvl=\count340
\tag@help=\toks36
\row@=\count341
\column@=\count342
\maxfields@=\count343
\andhelp@=\toks37
\eqnshift@=\dimen287
\alignsep@=\dimen288
\tagshift@=\dimen289
\tagwidth@=\dimen290
\totwidth@=\dimen291
\lineht@=\dimen292
\@envbody=\toks38
\multlinegap=\skip61
\multlinetaggap=\skip62
\mathdisplay@stack=\toks39
LaTeX Info: Redefining \[ on input line 2953.
LaTeX Info: Redefining \] on input line 2954.
) (c:/Users/lucas/AppData/Roaming/TinyTeX/texmf-dist/tex/latex/amscls/amsthm.sty
Package: amsthm 2020/05/29 v2.20.6
\thm@style=\toks40
\thm@bodyfont=\toks41
\thm@headfont=\toks42
\thm@notefont=\toks43
\thm@headpunct=\toks44
\thm@preskip=\skip63
\thm@postskip=\skip64
\thm@headsep=\skip65
\dth@everypar=\toks45
)
\c@theorem=\count344
) (c:/Users/lucas/AppData/Roaming/TinyTeX/texmf-dist/tex/latex/beamer/beamerbasethemes.sty)) (c:/Users/lucas/AppData/Roaming/TinyTeX/texmf-dist/tex/latex/beamer/beamerthemedefault.sty (c:/Users/lucas/AppData/Roaming/TinyTeX/texmf-dist/tex/latex/beamer/beamerfontthemedefault.sty) (c:/Users/lucas/AppData/Roaming/TinyTeX/texmf-dist/tex/latex/beamer/beamercolorthemedefault.sty) (c:/Users/lucas/AppData/Roaming/TinyTeX/texmf-dist/tex/latex/beamer/beamerinnerthemedefault.sty
\beamer@dima=\dimen293
\beamer@dimb=\dimen294
) (c:/Users/lucas/AppData/Roaming/TinyTeX/texmf-dist/tex/latex/beamer/beamerouterthemedefault.sty))) (c:/Users/lucas/AppData/Roaming/TinyTeX/texmf-dist/tex/latex/pgf/utilities/pgfpages.sty
Package: pgfpages 2011/01/05 ver 0.02
(c:/Users/lucas/AppData/Roaming/TinyTeX/texmf-dist/tex/latex/tools/calc.sty
Package: calc 2023/07/08 v4.3 Infix arithmetic (KKT,FJ)
\calc@Acount=\count345
\calc@Bcount=\count346
\calc@Adimen=\dimen295
\calc@Bdimen=\dimen296
\calc@Askip=\skip66
\calc@Bskip=\skip67
LaTeX Info: Redefining \setlength on input line 80.
LaTeX Info: Redefining \addtolength on input line 81.
\calc@Ccount=\count347
\calc@Cskip=\skip68
)
\pgf@logicalpages=\count348
\pgf@firstshipout=\count349
\pgf@lastshipout=\count350
\pgf@currentshipout=\count351
\pgf@cpn=\count352
\pgf@shipoutnextto=\count353
\pgfphysicalheight=\dimen297
\pgfphysicalwidth=\dimen298
\pgfpages@shipoutbox=\box77
) (c:/Users/lucas/AppData/Roaming/TinyTeX/texmf-dist/tex/latex/base/fontenc.sty
Package: fontenc 2021/04/29 v2.0v Standard LaTeX package
) (c:/Users/lucas/AppData/Roaming/TinyTeX/texmf-dist/tex/latex/base/inputenc.sty
Package: inputenc 2024/02/08 v1.3d Input encoding file
\inpenc@prehook=\toks46
\inpenc@posthook=\toks47
) (c:/Users/lucas/AppData/Roaming/TinyTeX/texmf-dist/tex/latex/base/textcomp.sty
Package: textcomp 2024/04/24 v2.1b Standard LaTeX package
) (c:/Users/lucas/AppData/Roaming/TinyTeX/texmf-dist/tex/latex/lm/lmodern.sty
Package: lmodern 2015/05/01 v1.6.1 Latin Modern Fonts
LaTeX Font Info:    Overwriting symbol font `operators' in version `normal'
(Font)                  OT1/cmr/m/n --> OT1/lmr/m/n on input line 22.
LaTeX Font Info:    Overwriting symbol font `letters' in version `normal'
(Font)                  OML/cmm/m/it --> OML/lmm/m/it on input line 23.
LaTeX Font Info:    Overwriting symbol font `symbols' in version `normal'
(Font)                  OMS/cmsy/m/n --> OMS/lmsy/m/n on input line 24.
LaTeX Font Info:    Overwriting symbol font `largesymbols' in version `normal'
(Font)                  OMX/cmex/m/n --> OMX/lmex/m/n on input line 25.
LaTeX Font Info:    Overwriting symbol font `operators' in version `bold'
(Font)                  OT1/cmr/bx/n --> OT1/lmr/bx/n on input line 26.
LaTeX Font Info:    Overwriting symbol font `letters' in version `bold'
(Font)                  OML/cmm/b/it --> OML/lmm/b/it on input line 27.
LaTeX Font Info:    Overwriting symbol font `symbols' in version `bold'
(Font)                  OMS/cmsy/b/n --> OMS/lmsy/b/n on input line 28.
LaTeX Font Info:    Overwriting symbol font `largesymbols' in version `bold'
(Font)                  OMX/cmex/m/n --> OMX/lmex/m/n on input line 29.
LaTeX Font Info:    Overwriting math alphabet `\mathbf' in version `normal'
(Font)                  OT1/cmr/bx/n --> OT1/lmr/bx/n on input line 31.
LaTeX Font Info:    Overwriting math alphabet `\mathsf' in version `normal'
(Font)                  OT1/cmss/m/n --> OT1/lmss/m/n on input line 32.
LaTeX Font Info:    Overwriting math alphabet `\mathit' in version `normal'
(Font)                  OT1/cmr/m/it --> OT1/lmr/m/it on input line 33.
LaTeX Font Info:    Overwriting math alphabet `\mathtt' in version `normal'
(Font)                  OT1/cmtt/m/n --> OT1/lmtt/m/n on input line 34.
LaTeX Font Info:    Overwriting math alphabet `\mathbf' in version `bold'
(Font)                  OT1/cmr/bx/n --> OT1/lmr/bx/n on input line 35.
LaTeX Font Info:    Overwriting math alphabet `\mathsf' in version `bold'
(Font)                  OT1/cmss/bx/n --> OT1/lmss/bx/n on input line 36.
LaTeX Font Info:    Overwriting math alphabet `\mathit' in version `bold'
(Font)                  OT1/cmr/bx/it --> OT1/lmr/bx/it on input line 37.
LaTeX Font Info:    Overwriting math alphabet `\mathtt' in version `bold'
(Font)                  OT1/cmtt/m/n --> OT1/lmtt/m/n on input line 38.
) (c:/Users/lucas/AppData/Roaming/TinyTeX/texmf-dist/tex/latex/beamer/beamerthemeSzeged.sty (c:/Users/lucas/AppData/Roaming/TinyTeX/texmf-dist/tex/latex/beamer/beamerouterthememiniframes.sty)) (c:/Users/lucas/AppData/Roaming/TinyTeX/texmf-dist/tex/latex/beamer/beamercolorthemeseagull.sty) (c:/Users/lucas/AppData/Roaming/TinyTeX/texmf-dist/tex/latex/beamer/beamerfontthemestructurebold.sty) (c:/Users/lucas/AppData/Roaming/TinyTeX/texmf-dist/tex/latex/fancyvrb/fancyvrb.sty
Package: fancyvrb 2024/01/20 4.5c verbatim text (tvz,hv)
\FV@CodeLineNo=\count354
\FV@InFile=\read3
\FV@TabBox=\box78
\c@FancyVerbLine=\count355
\FV@StepNumber=\count356
\FV@OutFile=\write5
) (c:/Users/lucas/AppData/Roaming/TinyTeX/texmf-dist/tex/latex/framed/framed.sty
Package: framed 2011/10/22 v 0.96: framed or shaded text with page breaks
\OuterFrameSep=\skip69
\fb@frw=\dimen299
\fb@frh=\dimen300
\FrameRule=\dimen301
\FrameSep=\dimen302
) (c:/Users/lucas/AppData/Roaming/TinyTeX/texmf-dist/tex/latex/float/float.sty
Package: float 2001/11/08 v1.3d Float enhancements (AL)
\c@float@type=\count357
\float@exts=\toks48
\float@box=\box79
\@float@everytoks=\toks49
\@floatcapt=\box80
) (c:/Users/lucas/AppData/Roaming/TinyTeX/texmf-dist/tex/latex/bookmark/bookmark.sty
Package: bookmark 2023-12-10 v1.31 PDF bookmarks (HO)
(c:/Users/lucas/AppData/Roaming/TinyTeX/texmf-dist/tex/latex/bookmark/bkm-pdftex.def
File: bkm-pdftex.def 2023-12-10 v1.31 bookmark driver for pdfTeX and luaTeX (HO)
\BKM@id=\count358
))
Package hyperref Info: Option `colorlinks' set `true' on input line 156.
LaTeX Font Info:    Trying to load font information for T1+lmss on input line 164.
(c:/Users/lucas/AppData/Roaming/TinyTeX/texmf-dist/tex/latex/lm/t1lmss.fd
File: t1lmss.fd 2015/05/01 v1.6.1 Font defs for Latin Modern
) (c:/Users/lucas/AppData/Roaming/TinyTeX/texmf-dist/tex/latex/l3backend/l3backend-pdftex.def
File: l3backend-pdftex.def 2024-05-08 L3 backend support: PDF output (pdfTeX)
\l__color_backend_stack_int=\count359
\l__pdf_internal_box=\box81
) (./module3.aux

LaTeX Warning: Label `' multiply defined.

)
\openout1 = `module3.aux'.

LaTeX Font Info:    Checking defaults for OML/cmm/m/it on input line 164.
LaTeX Font Info:    ... okay on input line 164.
LaTeX Font Info:    Checking defaults for OMS/cmsy/m/n on input line 164.
LaTeX Font Info:    ... okay on input line 164.
LaTeX Font Info:    Checking defaults for OT1/cmr/m/n on input line 164.
LaTeX Font Info:    ... okay on input line 164.
LaTeX Font Info:    Checking defaults for T1/cmr/m/n on input line 164.
LaTeX Font Info:    ... okay on input line 164.
LaTeX Font Info:    Checking defaults for TS1/cmr/m/n on input line 164.
LaTeX Font Info:    ... okay on input line 164.
LaTeX Font Info:    Checking defaults for OMX/cmex/m/n on input line 164.
LaTeX Font Info:    ... okay on input line 164.
LaTeX Font Info:    Checking defaults for U/cmr/m/n on input line 164.
LaTeX Font Info:    ... okay on input line 164.
LaTeX Font Info:    Checking defaults for PD1/pdf/m/n on input line 164.
LaTeX Font Info:    ... okay on input line 164.
LaTeX Font Info:    Checking defaults for PU/pdf/m/n on input line 164.
LaTeX Font Info:    ... okay on input line 164.
*geometry* driver: auto-detecting
*geometry* detected driver: pdftex
*geometry* verbose mode - [ preamble ] result:
* driver: pdftex
* paper: custom
* layout: <same size as paper>
* layoutoffset:(h,v)=(0.0pt,0.0pt)
* modes: includehead includefoot 
* h-part:(L,W,R)=(28.45274pt, 307.28987pt, 28.45274pt)
* v-part:(T,H,B)=(0.0pt, 273.14662pt, 0.0pt)
* \paperwidth=364.19536pt
* \paperheight=273.14662pt
* \textwidth=307.28987pt
* \textheight=244.6939pt
* \oddsidemargin=-43.81725pt
* \evensidemargin=-43.81725pt
* \topmargin=-72.26999pt
* \headheight=14.22636pt
* \headsep=0.0pt
* \topskip=11.0pt
* \footskip=14.22636pt
* \marginparwidth=4.0pt
* \marginparsep=10.0pt
* \columnsep=10.0pt
* \skip\footins=10.0pt plus 4.0pt minus 2.0pt
* \hoffset=0.0pt
* \voffset=0.0pt
* \mag=1000
* \@twocolumnfalse
* \@twosidefalse
* \@mparswitchfalse
* \@reversemarginfalse
* (1in=72.27pt=25.4mm, 1cm=28.453pt)

(c:/Users/lucas/AppData/Roaming/TinyTeX/texmf-dist/tex/latex/epstopdf-pkg/epstopdf-base.sty
Package: epstopdf-base 2020-01-24 v2.11 Base part for package epstopdf
Package epstopdf-base Info: Redefining graphics rule for `.eps' on input line 485.
(c:/Users/lucas/AppData/Roaming/TinyTeX/texmf-dist/tex/latex/latexconfig/epstopdf-sys.cfg
File: epstopdf-sys.cfg 2010/07/13 v1.3 Configuration of (r)epstopdf for TeX Live
))
Package hyperref Info: Link coloring ON on input line 164.
LaTeX Font Info:    Overwriting symbol font `operators' in version `normal'
(Font)                  OT1/lmr/m/n --> OT1/cmss/m/n on input line 164.
LaTeX Font Info:    Overwriting symbol font `operators' in version `bold'
(Font)                  OT1/lmr/bx/n --> OT1/cmss/b/n on input line 164.
LaTeX Font Info:    Overwriting symbol font `operators' in version `normal'
(Font)                  OT1/cmss/m/n --> OT1/lmss/m/n on input line 164.
LaTeX Font Info:    Overwriting symbol font `operators' in version `bold'
(Font)                  OT1/cmss/b/n --> OT1/lmss/b/n on input line 164.
\symnumbers=\mathgroup6
\sympureletters=\mathgroup7
LaTeX Font Info:    Overwriting math alphabet `\mathrm' in version `normal'
(Font)                  OT1/lmss/m/n --> T1/lmr/m/n on input line 164.
LaTeX Font Info:    Redeclaring math alphabet \mathbf on input line 164.
LaTeX Font Info:    Overwriting math alphabet `\mathbf' in version `normal'
(Font)                  OT1/lmr/bx/n --> T1/lmss/b/n on input line 164.
LaTeX Font Info:    Overwriting math alphabet `\mathbf' in version `bold'
(Font)                  OT1/lmr/bx/n --> T1/lmss/b/n on input line 164.
LaTeX Font Info:    Redeclaring math alphabet \mathsf on input line 164.
LaTeX Font Info:    Overwriting math alphabet `\mathsf' in version `normal'
(Font)                  OT1/lmss/m/n --> T1/lmss/m/n on input line 164.
LaTeX Font Info:    Overwriting math alphabet `\mathsf' in version `bold'
(Font)                  OT1/lmss/bx/n --> T1/lmss/m/n on input line 164.
LaTeX Font Info:    Redeclaring math alphabet \mathit on input line 164.
LaTeX Font Info:    Overwriting math alphabet `\mathit' in version `normal'
(Font)                  OT1/lmr/m/it --> T1/lmss/m/it on input line 164.
LaTeX Font Info:    Overwriting math alphabet `\mathit' in version `bold'
(Font)                  OT1/lmr/bx/it --> T1/lmss/m/it on input line 164.
LaTeX Font Info:    Redeclaring math alphabet \mathtt on input line 164.
LaTeX Font Info:    Overwriting math alphabet `\mathtt' in version `normal'
(Font)                  OT1/lmtt/m/n --> T1/lmtt/m/n on input line 164.
LaTeX Font Info:    Overwriting math alphabet `\mathtt' in version `bold'
(Font)                  OT1/lmtt/m/n --> T1/lmtt/m/n on input line 164.
LaTeX Font Info:    Overwriting symbol font `numbers' in version `bold'
(Font)                  T1/lmss/m/n --> T1/lmss/b/n on input line 164.
LaTeX Font Info:    Overwriting symbol font `pureletters' in version `bold'
(Font)                  T1/lmss/m/it --> T1/lmss/b/it on input line 164.
LaTeX Font Info:    Overwriting math alphabet `\mathrm' in version `bold'
(Font)                  OT1/lmss/b/n --> T1/lmr/b/n on input line 164.
LaTeX Font Info:    Overwriting math alphabet `\mathbf' in version `bold'
(Font)                  T1/lmss/b/n --> T1/lmss/b/n on input line 164.
LaTeX Font Info:    Overwriting math alphabet `\mathsf' in version `bold'
(Font)                  T1/lmss/m/n --> T1/lmss/b/n on input line 164.
LaTeX Font Info:    Overwriting math alphabet `\mathit' in version `bold'
(Font)                  T1/lmss/m/it --> T1/lmss/b/it on input line 164.
LaTeX Font Info:    Overwriting math alphabet `\mathtt' in version `bold'
(Font)                  T1/lmtt/m/n --> T1/lmtt/b/n on input line 164.
(c:/Users/lucas/AppData/Roaming/TinyTeX/texmf-dist/tex/latex/translator/translator-basic-dictionary-English.dict
Dictionary: translator-basic-dictionary, Language: English 
) (c:/Users/lucas/AppData/Roaming/TinyTeX/texmf-dist/tex/latex/translator/translator-bibliography-dictionary-English.dict
Dictionary: translator-bibliography-dictionary, Language: English 
) (c:/Users/lucas/AppData/Roaming/TinyTeX/texmf-dist/tex/latex/translator/translator-environment-dictionary-English.dict
Dictionary: translator-environment-dictionary, Language: English 
) (c:/Users/lucas/AppData/Roaming/TinyTeX/texmf-dist/tex/latex/translator/translator-months-dictionary-English.dict
Dictionary: translator-months-dictionary, Language: English 
) (c:/Users/lucas/AppData/Roaming/TinyTeX/texmf-dist/tex/latex/translator/translator-numbers-dictionary-English.dict
Dictionary: translator-numbers-dictionary, Language: English 
) (c:/Users/lucas/AppData/Roaming/TinyTeX/texmf-dist/tex/latex/translator/translator-theorem-dictionary-English.dict
Dictionary: translator-theorem-dictionary, Language: English 
) (./module3.nav)

[1

{c:/Users/lucas/AppData/Roaming/TinyTeX/texmf-var/fonts/map/pdftex/updmap/pdftex.map}{c:/Users/lucas/AppData/Roaming/TinyTeX/texmf-dist/fonts/enc/dvips/lm/lm-ec.enc}]
LaTeX Font Info:    Trying to load font information for OT1+lmss on input line 185.
(c:/Users/lucas/AppData/Roaming/TinyTeX/texmf-dist/tex/latex/lm/ot1lmss.fd
File: ot1lmss.fd 2015/05/01 v1.6.1 Font defs for Latin Modern
)
LaTeX Font Info:    Trying to load font information for OML+lmm on input line 185.
(c:/Users/lucas/AppData/Roaming/TinyTeX/texmf-dist/tex/latex/lm/omllmm.fd
File: omllmm.fd 2015/05/01 v1.6.1 Font defs for Latin Modern
)
LaTeX Font Info:    Trying to load font information for OMS+lmsy on input line 185.
(c:/Users/lucas/AppData/Roaming/TinyTeX/texmf-dist/tex/latex/lm/omslmsy.fd
File: omslmsy.fd 2015/05/01 v1.6.1 Font defs for Latin Modern
)
LaTeX Font Info:    Trying to load font information for OMX+lmex on input line 185.
(c:/Users/lucas/AppData/Roaming/TinyTeX/texmf-dist/tex/latex/lm/omxlmex.fd
File: omxlmex.fd 2015/05/01 v1.6.1 Font defs for Latin Modern
)
LaTeX Font Info:    External font `lmex10' loaded for size
(Font)              <10.95> on input line 185.
LaTeX Font Info:    External font `lmex10' loaded for size
(Font)              <8> on input line 185.
LaTeX Font Info:    External font `lmex10' loaded for size
(Font)              <6> on input line 185.
LaTeX Font Info:    Trying to load font information for U+msa on input line 185.
(c:/Users/lucas/AppData/Roaming/TinyTeX/texmf-dist/tex/latex/amsfonts/umsa.fd
File: umsa.fd 2013/01/14 v3.01 AMS symbols A
)
LaTeX Font Info:    Trying to load font information for U+msb on input line 185.
(c:/Users/lucas/AppData/Roaming/TinyTeX/texmf-dist/tex/latex/amsfonts/umsb.fd
File: umsb.fd 2013/01/14 v3.01 AMS symbols B
)
LaTeX Font Info:    Font shape `T1/lmss/m/it' in size <10.95> not available
(Font)              Font shape `T1/lmss/m/sl' tried instead on input line 185.
LaTeX Font Info:    Font shape `T1/lmss/m/it' in size <8> not available
(Font)              Font shape `T1/lmss/m/sl' tried instead on input line 185.
LaTeX Font Info:    Font shape `T1/lmss/m/it' in size <6> not available
(Font)              Font shape `T1/lmss/m/sl' tried instead on input line 185.
LaTeX Font Info:    External font `lmex10' loaded for size
(Font)              <10> on input line 185.
LaTeX Font Info:    External font `lmex10' loaded for size
(Font)              <7> on input line 185.
LaTeX Font Info:    External font `lmex10' loaded for size
(Font)              <5> on input line 185.
LaTeX Font Info:    Font shape `T1/lmss/m/it' in size <10> not available
(Font)              Font shape `T1/lmss/m/sl' tried instead on input line 185.
LaTeX Font Info:    Font shape `T1/lmss/m/it' in size <7> not available
(Font)              Font shape `T1/lmss/m/sl' tried instead on input line 185.
LaTeX Font Info:    Font shape `T1/lmss/m/it' in size <5> not available
(Font)              Font shape `T1/lmss/m/sl' tried instead on input line 185.


[2

]
<images/bayes_vs_freq.png, id=36, 547.2947pt x 412.54124pt>
File: images/bayes_vs_freq.png Graphic file (type png)
<use images/bayes_vs_freq.png>
Package pdftex.def Info: images/bayes_vs_freq.png  used on input line 190.
(pdftex.def)             Requested size: 245.83772pt x 185.30821pt.


[3

 <./images/bayes_vs_freq.png>]
<images/bayes_vs_freq2.png, id=47, 545.03625pt x 312.41719pt>
File: images/bayes_vs_freq2.png Graphic file (type png)
<use images/bayes_vs_freq2.png>
Package pdftex.def Info: images/bayes_vs_freq2.png  used on input line 201.
(pdftex.def)             Requested size: 245.82957pt x 140.91058pt.


[4

 <./images/bayes_vs_freq2.png>]
LaTeX Font Info:    Font shape `T1/lmss/bx/it' in size <14.4> not available
(Font)              Font shape `T1/lmss/bx/sl' tried instead on input line 225.


[5

{c:/Users/lucas/AppData/Roaming/TinyTeX/texmf-dist/fonts/enc/dvips/lm/lm-mathsy.enc}]
<images/cause_rain.png, id=67, 479.54156pt x 254.45062pt>
File: images/cause_rain.png Graphic file (type png)
<use images/cause_rain.png>
Package pdftex.def Info: images/cause_rain.png  used on input line 259.
(pdftex.def)             Requested size: 117.99725pt x 62.61078pt.
File: images/cause_rain.png Graphic file (type png)
<use images/cause_rain.png>
Package pdftex.def Info: images/cause_rain.png  used on input line 259.
(pdftex.def)             Requested size: 117.99725pt x 62.61078pt.


[6

{c:/Users/lucas/AppData/Roaming/TinyTeX/texmf-dist/fonts/enc/dvips/lm/lm-rm.enc} <./images/cause_rain.png>]

[7

]
<images/outcome.png, id=87, 519.1395pt x 242.70676pt>
File: images/outcome.png Graphic file (type png)
<use images/outcome.png>
Package pdftex.def Info: images/outcome.png  used on input line 309.
(pdftex.def)             Requested size: 199.73862pt x 93.38127pt.


[8

 <./images/outcome.png>]

[9

{c:/Users/lucas/AppData/Roaming/TinyTeX/texmf-dist/fonts/enc/dvips/lm/lm-mathit.enc}]

[10

]
\openout4 = `module3.vrb'.

(./module3.vrb
LaTeX Font Info:    Trying to load font information for T1+lmtt on input line 19.
(c:/Users/lucas/AppData/Roaming/TinyTeX/texmf-dist/tex/latex/lm/t1lmtt.fd
File: t1lmtt.fd 2015/05/01 v1.6.1 Font defs for Latin Modern
))

[11

]
<images/random.png, id=126, 507.39563pt x 245.41687pt>
File: images/random.png Graphic file (type png)
<use images/random.png>
Package pdftex.def Info: images/random.png  used on input line 446.
(pdftex.def)             Requested size: 215.1022pt x 104.04051pt.


[12

 <./images/random.png>]
<images/union.png, id=136, 316.18124pt x 257.16075pt>
File: images/union.png Graphic file (type png)
<use images/union.png>
Package pdftex.def Info: images/union.png  used on input line 457.
(pdftex.def)             Requested size: 199.7404pt x 162.45552pt.


[13

 <./images/union.png>]
<images/girl.png, id=147, 269.20575pt x 244.5135pt>
File: images/girl.png Graphic file (type png)
<use images/girl.png>
Package pdftex.def Info: images/girl.png  used on input line 468.
(pdftex.def)             Requested size: 199.73491pt x 181.4147pt.


[14

 <./images/girl.png>]

[15

]
<images/confound.png, id=165, 277.78781pt x 247.67531pt>
File: images/confound.png Graphic file (type png)
<use images/confound.png>
Package pdftex.def Info: images/confound.png  used on input line 510.
(pdftex.def)             Requested size: 92.18736pt x 82.19417pt.


[16

 <./images/confound.png>]
\openout4 = `module3.vrb'.

(./module3.vrb)

[17

]

[18

{c:/Users/lucas/AppData/Roaming/TinyTeX/texmf-dist/fonts/enc/dvips/lm/lm-mathex.enc}]

[19

]

[20

]

[21

]
<module3_files/figure-beamer/unnamed-chunk-10-1.pdf, id=220, 722.7pt x 505.89pt>
File: module3_files/figure-beamer/unnamed-chunk-10-1.pdf Graphic file (type pdf)
<use module3_files/figure-beamer/unnamed-chunk-10-1.pdf>
Package pdftex.def Info: module3_files/figure-beamer/unnamed-chunk-10-1.pdf  used on input line 650.
(pdftex.def)             Requested size: 307.2923pt x 215.1046pt.

Overfull \vbox (2.43127pt too high) detected at line 650
 []



[22

 <./module3_files/figure-beamer/unnamed-chunk-10-1.pdf>]

[23

]
<module3_files/figure-beamer/unnamed-chunk-11-1.pdf, id=246, 722.7pt x 505.89pt>
File: module3_files/figure-beamer/unnamed-chunk-11-1.pdf Graphic file (type pdf)
<use module3_files/figure-beamer/unnamed-chunk-11-1.pdf>
Package pdftex.def Info: module3_files/figure-beamer/unnamed-chunk-11-1.pdf  used on input line 695.
(pdftex.def)             Requested size: 147.4928pt x 103.24496pt.


[24

 <./module3_files/figure-beamer/unnamed-chunk-11-1.pdf>]
<module3_files/figure-beamer/unnamed-chunk-12-1.pdf, id=261, 722.7pt x 505.89pt>
File: module3_files/figure-beamer/unnamed-chunk-12-1.pdf Graphic file (type pdf)
<use module3_files/figure-beamer/unnamed-chunk-12-1.pdf>
Package pdftex.def Info: module3_files/figure-beamer/unnamed-chunk-12-1.pdf  used on input line 715.
(pdftex.def)             Requested size: 147.4928pt x 103.24496pt.


[25

 <./module3_files/figure-beamer/unnamed-chunk-12-1.pdf>]
<module3_files/figure-beamer/unnamed-chunk-13-1.pdf, id=277, 722.7pt x 505.89pt>
File: module3_files/figure-beamer/unnamed-chunk-13-1.pdf Graphic file (type pdf)
<use module3_files/figure-beamer/unnamed-chunk-13-1.pdf>
Package pdftex.def Info: module3_files/figure-beamer/unnamed-chunk-13-1.pdf  used on input line 745.
(pdftex.def)             Requested size: 147.4928pt x 103.24496pt.


[26

 <./module3_files/figure-beamer/unnamed-chunk-13-1.pdf>]
<module3_files/figure-beamer/unnamed-chunk-14-1.pdf, id=294, 722.7pt x 505.89pt>
File: module3_files/figure-beamer/unnamed-chunk-14-1.pdf Graphic file (type pdf)
<use module3_files/figure-beamer/unnamed-chunk-14-1.pdf>
Package pdftex.def Info: module3_files/figure-beamer/unnamed-chunk-14-1.pdf  used on input line 767.
(pdftex.def)             Requested size: 147.4928pt x 103.24496pt.


[27

 <./module3_files/figure-beamer/unnamed-chunk-14-1.pdf>]
<module3_files/figure-beamer/unnamed-chunk-15-1.pdf, id=311, 722.7pt x 505.89pt>
File: module3_files/figure-beamer/unnamed-chunk-15-1.pdf Graphic file (type pdf)
<use module3_files/figure-beamer/unnamed-chunk-15-1.pdf>
Package pdftex.def Info: module3_files/figure-beamer/unnamed-chunk-15-1.pdf  used on input line 788.
(pdftex.def)             Requested size: 147.4928pt x 103.24496pt.


[28

 <./module3_files/figure-beamer/unnamed-chunk-15-1.pdf>]

[29

]

[30

]

[31

]
<module3_files/figure-beamer/unnamed-chunk-16-1.pdf, id=355, 722.7pt x 505.89pt>
File: module3_files/figure-beamer/unnamed-chunk-16-1.pdf Graphic file (type pdf)
<use module3_files/figure-beamer/unnamed-chunk-16-1.pdf>
Package pdftex.def Info: module3_files/figure-beamer/unnamed-chunk-16-1.pdf  used on input line 890.
(pdftex.def)             Requested size: 147.4928pt x 103.24496pt.


[32

 <./module3_files/figure-beamer/unnamed-chunk-16-1.pdf>]
<module3_files/figure-beamer/unnamed-chunk-17-1.pdf, id=369, 722.7pt x 505.89pt>
File: module3_files/figure-beamer/unnamed-chunk-17-1.pdf Graphic file (type pdf)
<use module3_files/figure-beamer/unnamed-chunk-17-1.pdf>
Package pdftex.def Info: module3_files/figure-beamer/unnamed-chunk-17-1.pdf  used on input line 920.
(pdftex.def)             Requested size: 147.4928pt x 103.24496pt.


[33

 <./module3_files/figure-beamer/unnamed-chunk-17-1.pdf>]
<module3_files/figure-beamer/unnamed-chunk-18-1.pdf, id=383, 722.7pt x 505.89pt>
File: module3_files/figure-beamer/unnamed-chunk-18-1.pdf Graphic file (type pdf)
<use module3_files/figure-beamer/unnamed-chunk-18-1.pdf>
Package pdftex.def Info: module3_files/figure-beamer/unnamed-chunk-18-1.pdf  used on input line 950.
(pdftex.def)             Requested size: 147.4928pt x 103.24496pt.


[34

 <./module3_files/figure-beamer/unnamed-chunk-18-1.pdf>]
<module3_files/figure-beamer/unnamed-chunk-19-1.pdf, id=397, 722.7pt x 505.89pt>
File: module3_files/figure-beamer/unnamed-chunk-19-1.pdf Graphic file (type pdf)
<use module3_files/figure-beamer/unnamed-chunk-19-1.pdf>
Package pdftex.def Info: module3_files/figure-beamer/unnamed-chunk-19-1.pdf  used on input line 980.
(pdftex.def)             Requested size: 147.4928pt x 103.24496pt.


[35

 <./module3_files/figure-beamer/unnamed-chunk-19-1.pdf>]
<module3_files/figure-beamer/unnamed-chunk-20-1.pdf, id=411, 722.7pt x 505.89pt>
File: module3_files/figure-beamer/unnamed-chunk-20-1.pdf Graphic file (type pdf)
<use module3_files/figure-beamer/unnamed-chunk-20-1.pdf>
Package pdftex.def Info: module3_files/figure-beamer/unnamed-chunk-20-1.pdf  used on input line 1011.
(pdftex.def)             Requested size: 147.4928pt x 103.24496pt.


[36

 <./module3_files/figure-beamer/unnamed-chunk-20-1.pdf>]
<module3_files/figure-beamer/unnamed-chunk-21-1.pdf, id=425, 722.7pt x 505.89pt>
File: module3_files/figure-beamer/unnamed-chunk-21-1.pdf Graphic file (type pdf)
<use module3_files/figure-beamer/unnamed-chunk-21-1.pdf>
Package pdftex.def Info: module3_files/figure-beamer/unnamed-chunk-21-1.pdf  used on input line 1041.
(pdftex.def)             Requested size: 147.4928pt x 103.24496pt.


[37

 <./module3_files/figure-beamer/unnamed-chunk-21-1.pdf>]
<module3_files/figure-beamer/unnamed-chunk-22-1.pdf, id=440, 722.7pt x 505.89pt>
File: module3_files/figure-beamer/unnamed-chunk-22-1.pdf Graphic file (type pdf)
<use module3_files/figure-beamer/unnamed-chunk-22-1.pdf>
Package pdftex.def Info: module3_files/figure-beamer/unnamed-chunk-22-1.pdf  used on input line 1071.
(pdftex.def)             Requested size: 147.4928pt x 103.24496pt.

Overfull \hbox (2.88576pt too wide) in paragraph at lines 1071--1071
 [] 
 []



[38

 <./module3_files/figure-beamer/unnamed-chunk-22-1.pdf>]
<module3_files/figure-beamer/unnamed-chunk-23-1.pdf, id=454, 722.7pt x 505.89pt>
File: module3_files/figure-beamer/unnamed-chunk-23-1.pdf Graphic file (type pdf)
<use module3_files/figure-beamer/unnamed-chunk-23-1.pdf>
Package pdftex.def Info: module3_files/figure-beamer/unnamed-chunk-23-1.pdf  used on input line 1102.
(pdftex.def)             Requested size: 147.4928pt x 103.24496pt.

Overfull \hbox (2.88576pt too wide) in paragraph at lines 1102--1102
 [] 
 []



[39

 <./module3_files/figure-beamer/unnamed-chunk-23-1.pdf>]

[40

]
<images/lmfit.png, id=477, 376.02985pt x 315.80484pt>
File: images/lmfit.png Graphic file (type png)
<use images/lmfit.png>
Package pdftex.def Info: images/lmfit.png  used on input line 1130.
(pdftex.def)             Requested size: 245.83945pt x 206.46576pt.

Overfull \vbox (1.79243pt too high) detected at line 1130
 []



[41

 <./images/lmfit.png>]
\openout4 = `module3.vrb'.

(./module3.vrb)

[42

]

[43

]
\openout4 = `module3.vrb'.

(./module3.vrb)

[44

]

[45

]

[46

]

[47

]
<images/diagram.png, id=538, 362.10281pt x 127.22531pt>
File: images/diagram.png Graphic file (type png)
<use images/diagram.png>
Package pdftex.def Info: images/diagram.png  used on input line 1319.
(pdftex.def)             Requested size: 173.44823pt x 60.94125pt.

Overfull \hbox (25.95041pt too wide) in paragraph at lines 1319--1319
 [] 
 []



[48

 <./images/diagram.png>]
<images/diagram1.png, id=548, 365.11406pt x 170.88844pt>
File: images/diagram1.png Graphic file (type png)
<use images/diagram1.png>
Package pdftex.def Info: images/diagram1.png  used on input line 1356.
(pdftex.def)             Requested size: 174.89063pt x 81.85602pt.

Overfull \hbox (27.3928pt too wide) in paragraph at lines 1356--1356
 [] 
 []



[49

 <./images/diagram1.png>]
LaTeX Font Info:    External font `lmex10' loaded for size
(Font)              <9> on input line 1395.
LaTeX Font Info:    Font shape `T1/lmss/m/it' in size <9> not available
(Font)              Font shape `T1/lmss/m/sl' tried instead on input line 1395.


[50

]

[51

]
<images/did.png, id=578, 499.8675pt x 295.1025pt>
File: images/did.png Graphic file (type png)
<use images/did.png>
Package pdftex.def Info: images/did.png  used on input line 1425.
(pdftex.def)             Requested size: 307.29846pt x 181.41714pt.


[52

 <./images/did.png>]
<images/DiD1.png, id=588, 630.55576pt x 338.4645pt>
File: images/DiD1.png Graphic file (type png)
<use images/DiD1.png>
Package pdftex.def Info: images/DiD1.png  used on input line 1430.
(pdftex.def)             Requested size: 245.82916pt x 131.95413pt.


[53

 <./images/DiD1.png>]
<images/DiD2.png, id=598, 614.295pt x 316.7835pt>
File: images/DiD2.png Graphic file (type png)
<use images/DiD2.png>
Package pdftex.def Info: images/DiD2.png  used on input line 1435.
(pdftex.def)             Requested size: 245.8355pt x 126.77399pt.


[54

 <./images/DiD2.png>]
<images/DiD3.png, id=608, 615.4995pt x 323.40825pt>
File: images/DiD3.png Graphic file (type png)
<use images/DiD3.png>
Package pdftex.def Info: images/DiD3.png  used on input line 1440.
(pdftex.def)             Requested size: 245.82915pt x 129.16853pt.


[55

 <./images/DiD3.png>]
<images/DiD4.png, id=620, 622.12425pt x 320.99925pt>
File: images/DiD4.png Graphic file (type png)
<use images/DiD4.png>
Package pdftex.def Info: images/DiD4.png  used on input line 1445.
(pdftex.def)             Requested size: 245.83606pt x 126.84474pt.


[56

 <./images/DiD4.png>]
<images/DiD5.png, id=630, 665.48625pt x 340.8735pt>
File: images/DiD5.png Graphic file (type png)
<use images/DiD5.png>
Package pdftex.def Info: images/DiD5.png  used on input line 1450.
(pdftex.def)             Requested size: 245.83003pt x 125.91835pt.


[57

 <./images/DiD5.png>]

[58

]

[59

]

[60

]

[61

]

[62

]

[63

]

[64

]

[65

]

[66

]
\openout4 = `module3.vrb'.

(./module3.vrb)

[67

]
<module3_files/figure-beamer/unnamed-chunk-34-1.pdf, id=725, 578.16pt x 289.08pt>
File: module3_files/figure-beamer/unnamed-chunk-34-1.pdf Graphic file (type pdf)
<use module3_files/figure-beamer/unnamed-chunk-34-1.pdf>
Package pdftex.def Info: module3_files/figure-beamer/unnamed-chunk-34-1.pdf  used on input line 1706.
(pdftex.def)             Requested size: 307.28789pt x 153.64394pt.


[68

 <./module3_files/figure-beamer/unnamed-chunk-34-1.pdf>]
\openout4 = `module3.vrb'.

(./module3.vrb
LaTeX Font Info:    Font shape `T1/lmtt/bx/n' in size <8> not available
(Font)              Font shape `T1/lmtt/b/n' tried instead on input line 9.
)

[69

]

[70

]
\openout4 = `module3.vrb'.

(./module3.vrb
<module3_files/figure-beamer/unnamed-chunk-36-1.pdf, id=758, 578.16pt x 289.08pt>
File: module3_files/figure-beamer/unnamed-chunk-36-1.pdf Graphic file (type pdf)
<use module3_files/figure-beamer/unnamed-chunk-36-1.pdf>
Package pdftex.def Info: module3_files/figure-beamer/unnamed-chunk-36-1.pdf  used on input line 15.
(pdftex.def)             Requested size: 307.28789pt x 153.64394pt.
)

[71

 <./module3_files/figure-beamer/unnamed-chunk-36-1.pdf>]
<module3_files/figure-beamer/unnamed-chunk-37-1.pdf, id=773, 578.16pt x 289.08pt>
File: module3_files/figure-beamer/unnamed-chunk-37-1.pdf Graphic file (type pdf)
<use module3_files/figure-beamer/unnamed-chunk-37-1.pdf>
Package pdftex.def Info: module3_files/figure-beamer/unnamed-chunk-37-1.pdf  used on input line 1792.
(pdftex.def)             Requested size: 307.28789pt x 153.64394pt.


[72

 <./module3_files/figure-beamer/unnamed-chunk-37-1.pdf>]
<module3_files/figure-beamer/unnamed-chunk-38-1.pdf, id=790, 578.16pt x 252.945pt>
File: module3_files/figure-beamer/unnamed-chunk-38-1.pdf Graphic file (type pdf)
<use module3_files/figure-beamer/unnamed-chunk-38-1.pdf>
Package pdftex.def Info: module3_files/figure-beamer/unnamed-chunk-38-1.pdf  used on input line 1812.
(pdftex.def)             Requested size: 307.28789pt x 134.43845pt.


[73

 <./module3_files/figure-beamer/unnamed-chunk-38-1.pdf>]
\openout4 = `module3.vrb'.

(./module3.vrb)
LaTeX Font Info:    Font shape `T1/lmtt/bx/n' in size <14.4> not available
(Font)              Font shape `T1/lmtt/b/n' tried instead on input line 1852.


[74

]
<module3_files/figure-beamer/unnamed-chunk-40-1.pdf, id=814, 578.16pt x 289.08pt>
File: module3_files/figure-beamer/unnamed-chunk-40-1.pdf Graphic file (type pdf)
<use module3_files/figure-beamer/unnamed-chunk-40-1.pdf>
Package pdftex.def Info: module3_files/figure-beamer/unnamed-chunk-40-1.pdf  used on input line 1863.
(pdftex.def)             Requested size: 307.28789pt x 153.64394pt.


[75

 <./module3_files/figure-beamer/unnamed-chunk-40-1.pdf>]
<module3_files/figure-beamer/unnamed-chunk-41-1.pdf, id=828, 578.16pt x 289.08pt>
File: module3_files/figure-beamer/unnamed-chunk-41-1.pdf Graphic file (type pdf)
<use module3_files/figure-beamer/unnamed-chunk-41-1.pdf>
Package pdftex.def Info: module3_files/figure-beamer/unnamed-chunk-41-1.pdf  used on input line 1871.
(pdftex.def)             Requested size: 307.28789pt x 153.64394pt.


[76

 <./module3_files/figure-beamer/unnamed-chunk-41-1.pdf>]
<module3_files/figure-beamer/unnamed-chunk-42-1.pdf, id=842, 578.16pt x 289.08pt>
File: module3_files/figure-beamer/unnamed-chunk-42-1.pdf Graphic file (type pdf)
<use module3_files/figure-beamer/unnamed-chunk-42-1.pdf>
Package pdftex.def Info: module3_files/figure-beamer/unnamed-chunk-42-1.pdf  used on input line 1878.
(pdftex.def)             Requested size: 307.28789pt x 153.64394pt.


[77

 <./module3_files/figure-beamer/unnamed-chunk-42-1.pdf>]
<module3_files/figure-beamer/unnamed-chunk-43-1.pdf, id=856, 578.16pt x 289.08pt>
File: module3_files/figure-beamer/unnamed-chunk-43-1.pdf Graphic file (type pdf)
<use module3_files/figure-beamer/unnamed-chunk-43-1.pdf>
Package pdftex.def Info: module3_files/figure-beamer/unnamed-chunk-43-1.pdf  used on input line 1889.
(pdftex.def)             Requested size: 307.28789pt x 153.64394pt.


[78

 <./module3_files/figure-beamer/unnamed-chunk-43-1.pdf>]
<module3_files/figure-beamer/unnamed-chunk-44-1.pdf, id=870, 578.16pt x 289.08pt>
File: module3_files/figure-beamer/unnamed-chunk-44-1.pdf Graphic file (type pdf)
<use module3_files/figure-beamer/unnamed-chunk-44-1.pdf>
Package pdftex.def Info: module3_files/figure-beamer/unnamed-chunk-44-1.pdf  used on input line 1900.
(pdftex.def)             Requested size: 307.28789pt x 153.64394pt.


[79

 <./module3_files/figure-beamer/unnamed-chunk-44-1.pdf>]
<module3_files/figure-beamer/unnamed-chunk-45-1.pdf, id=885, 578.16pt x 289.08pt>
File: module3_files/figure-beamer/unnamed-chunk-45-1.pdf Graphic file (type pdf)
<use module3_files/figure-beamer/unnamed-chunk-45-1.pdf>
Package pdftex.def Info: module3_files/figure-beamer/unnamed-chunk-45-1.pdf  used on input line 1911.
(pdftex.def)             Requested size: 307.28789pt x 153.64394pt.


[80

 <./module3_files/figure-beamer/unnamed-chunk-45-1.pdf>]
<module3_files/figure-beamer/unnamed-chunk-46-1.pdf, id=899, 578.16pt x 289.08pt>
File: module3_files/figure-beamer/unnamed-chunk-46-1.pdf Graphic file (type pdf)
<use module3_files/figure-beamer/unnamed-chunk-46-1.pdf>
Package pdftex.def Info: module3_files/figure-beamer/unnamed-chunk-46-1.pdf  used on input line 1922.
(pdftex.def)             Requested size: 307.28789pt x 153.64394pt.


[81

 <./module3_files/figure-beamer/unnamed-chunk-46-1.pdf>]

[82

]

[83

]

[84

]
\openout4 = `module3.vrb'.

(./module3.vrb)

[85

]

[86

]

[87

]

[88

]
<output/reg.pdf, id=973, 433.62pt x 266.9975pt>
File: output/reg.pdf Graphic file (type pdf)
<use output/reg.pdf>
Package pdftex.def Info: output/reg.pdf  used on input line 2142.
(pdftex.def)             Requested size: 307.30333pt x 189.21916pt.


[89

 <./output/reg.pdf>]
<output/reg_con.pdf, id=987, 433.62pt x 266.9975pt>
File: output/reg_con.pdf Graphic file (type pdf)
<use output/reg_con.pdf>
Package pdftex.def Info: output/reg_con.pdf  used on input line 2147.
(pdftex.def)             Requested size: 307.30333pt x 189.21916pt.


[90

 <./output/reg_con.pdf>]
\openout4 = `module3.vrb'.

(./module3.vrb
LaTeX Font Info:    Trying to load font information for TS1+lmtt on input line 13.
(c:/Users/lucas/AppData/Roaming/TinyTeX/texmf-dist/tex/latex/lm/ts1lmtt.fd
File: ts1lmtt.fd 2015/05/01 v1.6.1 Font defs for Latin Modern
)
LaTeX Font Info:    Font shape `T1/lmtt/bx/n' in size <10.95> not available
(Font)              Font shape `T1/lmtt/b/n' tried instead on input line 19.
)

[91

{c:/Users/lucas/AppData/Roaming/TinyTeX/texmf-dist/fonts/enc/dvips/lm/lm-ts1.enc}]
\openout4 = `module3.vrb'.

(./module3.vrb

Package hyperref Warning: Ignoring empty anchor on input line 13.


Package hyperref Warning: Ignoring empty anchor on input line 45.

)
Overfull \vbox (99.64894pt too high) detected at line 2226
 []



[92

]
\openout4 = `module3.vrb'.

(./module3.vrb)

[93

]
\tf@nav=\write6
\openout6 = `module3.nav'.

\tf@toc=\write7
\openout7 = `module3.toc'.

\tf@snm=\write8
\openout8 = `module3.snm'.

(./module3.aux)
 ***********
LaTeX2e <2024-11-01> patch level 2
L3 programming layer <2025-01-18>
 ***********

LaTeX Warning: There were multiply-defined labels.

 ) 
Here is how much of TeX's memory you used:
 24320 strings out of 475172
 479454 string characters out of 5764331
 851812 words of memory out of 5000000
 46501 multiletter control sequences out of 15000+600000
 653511 words of font info for 106 fonts, out of 8000000 for 9000
 14 hyphenation exceptions out of 8191
 101i,15n,107p,403b,689s stack positions out of 10000i,1000n,20000p,200000b,200000s
<c:/Users/lucas/AppData/Roaming/TinyTeX/texmf-dist/fonts/type1/public/lm/lmex10.pfb><c:/Users/lucas/AppData/Roaming/TinyTeX/texmf-dist/fonts/type1/public/lm/lmmi10.pfb><c:/Users/lucas/AppData/Roaming/TinyTeX/texmf-dist/fonts/type1/public/lm/lmmi8.pfb><c:/Users/lucas/AppData/Roaming/TinyTeX/texmf-dist/fonts/type1/public/lm/lmss10.pfb><c:/Users/lucas/AppData/Roaming/TinyTeX/texmf-dist/fonts/type1/public/lm/lmss8.pfb><c:/Users/lucas/AppData/Roaming/TinyTeX/texmf-dist/fonts/type1/public/lm/lmss9.pfb><c:/Users/lucas/AppData/Roaming/TinyTeX/texmf-dist/fonts/type1/public/lm/lmssbo10.pfb><c:/Users/lucas/AppData/Roaming/TinyTeX/texmf-dist/fonts/type1/public/lm/lmssbx10.pfb><c:/Users/lucas/AppData/Roaming/TinyTeX/texmf-dist/fonts/type1/public/lm/lmsso10.pfb><c:/Users/lucas/AppData/Roaming/TinyTeX/texmf-dist/fonts/type1/public/lm/lmsso8.pfb><c:/Users/lucas/AppData/Roaming/TinyTeX/texmf-dist/fonts/type1/public/lm/lmsso9.pfb><c:/Users/lucas/AppData/Roaming/TinyTeX/texmf-dist/fonts/type1/public/lm/lmsy10.pfb><c:/Users/lucas/AppData/Roaming/TinyTeX/texmf-dist/fonts/type1/public/lm/lmsy6.pfb><c:/Users/lucas/AppData/Roaming/TinyTeX/texmf-dist/fonts/type1/public/lm/lmsy8.pfb><c:/Users/lucas/AppData/Roaming/TinyTeX/texmf-dist/fonts/type1/public/lm/lmtk10.pfb><c:/Users/lucas/AppData/Roaming/TinyTeX/texmf-dist/fonts/type1/public/lm/lmtt10.pfb><c:/Users/lucas/AppData/Roaming/TinyTeX/texmf-dist/fonts/type1/public/lm/lmtt8.pfb><c:/Users/lucas/AppData/Roaming/TinyTeX/texmf-dist/fonts/type1/public/lm/lmtti10.pfb><c:/Users/lucas/AppData/Roaming/TinyTeX/texmf-dist/fonts/type1/public/amsfonts/symbols/msam10.pfb>
Output written on module3.pdf (93 pages, 4009849 bytes).
PDF statistics:
 1186 PDF objects out of 1200 (max. 8388607)
 841 compressed objects within 9 object streams
 279 named destinations out of 1000 (max. 500000)
 263 words of extra memory for PDF output out of 10000 (max. 10000000)

